#
# A fatal error has been detected by the Java Runtime Environment:
#
#  SIGSEGV (0xb) at pc=0x00007fff6a303e52, pid=12349, tid=9731
#
# JRE version:  (13.0.2+8) (build )
# Java VM: OpenJDK 64-Bit Server VM (13.0.2+8, mixed mode, aot, sharing, tiered, compressed oops, g1 gc, bsd-amd64)
# Problematic frame:
# C  [libsystem_platform.dylib+0xe52]  _platform_strlen+0x12
#
# No core dump will be written. Core dumps have been disabled. To enable core dumping, try "ulimit -c unlimited" before starting Java again
#
# If you would like to submit a bug report, please visit:
#   http://bugreport.java.com/bugreport/crash.jsp
#

---------------  S U M M A R Y ------------

Command Line: -Xmx64m -Xms64m -Dorg.gradle.appname=gradle org.gradle.launcher.GradleMain

Host: MacBookPro14,3 x86_64 2800 MHz, 8 cores, 16G, Darwin 19.6.0
Time: Thu Feb 11 15:02:54 2021 MSK elapsed time: 0 seconds (0d 0h 0m 0s)

---------------  T H R E A D  ---------------

Current thread (0x00007fecda809000):  JavaThread "Unknown thread" [_thread_in_vm, id=9731, stack(0x000070000c43a000,0x000070000c53a000)]

Stack: [0x000070000c43a000,0x000070000c53a000],  sp=0x000070000c539b60,  free space=1022k
Native frames: (J=compiled Java code, A=aot compiled Java code, j=interpreted, Vv=VM code, C=native code)
C  [libsystem_platform.dylib+0xe52]  _platform_strlen+0x12
V  [libjvm.dylib+0x1eb017]  ClassLoader::setup_boot_search_path(char const*)+0x1d
V  [libjvm.dylib+0x1ed9a0]  ClassLoader::initialize()+0x5b2
V  [libjvm.dylib+0x384579]  init_globals()+0x2d
V  [libjvm.dylib+0x7a0c81]  Threads::create_vm(JavaVMInitArgs*, bool*)+0x27b
V  [libjvm.dylib+0x3f516e]  JNI_CreateJavaVM+0x60
C  [libjli.dylib+0x612f]  JavaMain+0x10b
C  [libjli.dylib+0x8d1b]  ThreadJavaMain+0x9
C  [libsystem_pthread.dylib+0x6109]  _pthread_start+0x94
C  [libsystem_pthread.dylib+0x1b8b]  thread_start+0xf


siginfo: si_signo: 11 (SIGSEGV), si_code: 1 (SEGV_MAPERR), si_addr: 0x0000000000000000

Registers:
RAX=0x0000000108c18466, RBX=0x0000000108c18668, RCX=0x0000000000000000, RDX=0x0000000000000000
RSP=0x000070000c539b60, RBP=0x000070000c539b60, RSI=0x0000000000000000, RDI=0x0000000000000000
R8 =0x0000000000000000, R9 =0x0000000000000000, R10=0x0000000000000000, R11=0x0000000000000000
R12=0x00007fecda809000, R13=0x0000000108bf23e0, R14=0x00000001087ed8a8, R15=0x000070000c539ee7
RIP=0x00007fff6a303e52, EFLAGS=0x0000000000010246, ERR=0x0000000000000004
  TRAPNO=0x000000000000000e

Top of Stack: (sp=0x000070000c539b60)
0x000070000c539b60:   000070000c539c80 00000001083eb017
0x000070000c539b70:   0000000000000008 0000000000000000
0x000070000c539b80:   00007fecd850d6a0 0000000000000040
0x000070000c539b90:   000070000c539bc0 0000000108865e9c
0x000070000c539ba0:   0000000000000038 0000000000000040
0x000070000c539bb0:   000070000c539bc0 000000010880e88d
0x000070000c539bc0:   000070000c539c20 0000000108864502
0x000070000c539bd0:   0000000000000000 00007fecd8707320
0x000070000c539be0:   00007fecd850d7a0 0000000108a32115
0x000070000c539bf0:   00007fecd8705450 00007fecd8707320
0x000070000c539c00:   000070000c539c40 0000000108864b89
0x000070000c539c10:   00007fecd8707320 00007fecd8707320
0x000070000c539c20:   0000000000000004 0000000108a32115
0x000070000c539c30:   000000000000000b 0000000000000000
0x000070000c539c40:   0000000000000000 0000000000000000
0x000070000c539c50:   00000001087ed8a8 0000000108c18668
0x000070000c539c60:   00007fecda809000 0000000108bf23e0
0x000070000c539c70:   00000001087ed8a8 000070000c539ee7
0x000070000c539c80:   000070000c539cb0 00000001083ed9a0
0x000070000c539c90:   00007fecda809000 00007fecda809000
0x000070000c539ca0:   0000000108c18668 00000001087ed8a8
0x000070000c539cb0:   000070000c539d00 0000000108584579
0x000070000c539cc0:   00007fecda809000 00007fecd8704700
0x000070000c539cd0:   00007fecd8704790 00007fecd87047a0
0x000070000c539ce0:   00007fecd8704878 00000000000000d8
0x000070000c539cf0:   00007fecd8704970 0000000108c18668
0x000070000c539d00:   000070000c539e90 00000001089a0c81
0x000070000c539d10:   0000000000000000 0000000000000100
0x000070000c539d20:   0000000000000000 0000000000000000
0x000070000c539d30:   0000000000000000 0000000000000000
0x000070000c539d40:   0000000108a94012 0000000000000000
0x000070000c539d50:   0000000000000000 0000000000000000 

Instructions: (pc=0x00007fff6a303e52)
0x00007fff6a303d52:   74 09 48 83 c1 01 48 39 d1 72 e3 5d c3 90 55 48
0x00007fff6a303d62:   89 e5 48 81 e6 ff 00 00 00 48 0f af 35 55 64 00
0x00007fff6a303d72:   00 66 48 0f 6e c6 48 89 f8 48 83 fa 40 0f 82 92
0x00007fff6a303d82:   00 00 00 48 81 fa 00 80 00 00 0f 82 3e 00 00 00
0x00007fff6a303d92:   e9 28 00 00 00 66 0f 1f 84 00 00 00 00 00 55 48
0x00007fff6a303da2:   89 e5 48 89 f2 48 31 f6 0f 57 c0 48 89 f8 48 83
0x00007fff6a303db2:   fa 40 72 61 48 81 fa 00 80 00 00 72 11 48 89 d1
0x00007fff6a303dc2:   48 89 f0 48 89 fa fc f3 aa 48 89 d0 5d c3 c4 e2
0x00007fff6a303dd2:   7d 18 c0 c5 fc 11 07 48 83 c7 20 48 83 e7 e0 48
0x00007fff6a303de2:   89 f9 48 29 c1 48 29 ca 48 83 ea 40 76 13 c5 fc
0x00007fff6a303df2:   29 07 c5 fc 29 47 20 48 83 c7 40 48 83 ea 40 77
0x00007fff6a303e02:   ed c5 fc 11 04 17 c5 fc 11 44 17 20 c5 f8 77 5d
0x00007fff6a303e12:   c3 48 89 34 17 48 83 ea 08 73 f6 48 83 c2 08 74
0x00007fff6a303e22:   0b 40 88 74 17 ff 48 83 ea 01 75 f5 5d c3 90 90
0x00007fff6a303e32:   90 90 90 90 90 90 90 90 90 90 90 90 90 90 55 48
0x00007fff6a303e42:   89 e5 48 89 f9 48 89 fa 48 83 e7 f0 66 0f ef c0
0x00007fff6a303e52:   66 0f 74 07 66 0f d7 f0 48 83 e1 0f 48 83 c8 ff
0x00007fff6a303e62:   48 d3 e0 21 c6 74 17 0f bc c6 48 29 d7 48 01 f8
0x00007fff6a303e72:   5d c3 66 2e 0f 1f 84 00 00 00 00 00 66 90 48 83
0x00007fff6a303e82:   c7 10 66 0f ef c0 66 0f 74 07 66 0f d7 f0 85 f6
0x00007fff6a303e92:   74 ec eb d3 65 48 8b 0c 25 18 00 00 00 41 89 c8
0x00007fff6a303ea2:   31 c0 f0 4c 0f b1 07 75 05 e9 05 00 00 00 e9 72
0x00007fff6a303eb2:   20 00 00 55 48 89 e5 41 56 53 41 89 ce 48 89 fb
0x00007fff6a303ec2:   48 89 f7 ff d2 48 c7 c6 ff ff ff ff 48 87 33 44
0x00007fff6a303ed2:   39 f6 75 05 5b 41 5e 5d c3 48 89 df 44 89 f2 5b
0x00007fff6a303ee2:   41 5e 5d e9 1a 21 00 00 65 8b 34 25 18 00 00 00
0x00007fff6a303ef2:   31 c0 f0 0f b1 37 75 01 c3 31 d2 e9 21 0a 00 00
0x00007fff6a303f02:   55 48 89 e5 8b 3f 89 f8 83 c8 01 65 3b 04 25 18
0x00007fff6a303f12:   00 00 00 75 02 5d c3 e8 b6 57 00 00 90 90 ba ff
0x00007fff6a303f22:   ff ff ff 0f bc c7 0f 44 c2 ff c0 c3 66 90 ba ff
0x00007fff6a303f32:   ff ff ff 48 0f bc c7 0f 44 c2 ff c0 c3 90 ba ff
0x00007fff6a303f42:   ff ff ff 0f bd c7 0f 44 c2 ff c0 c3 66 90 ba ff 



---------------  P R O C E S S  ---------------

Threads class SMR info:
_java_thread_list=0x0000000108c44058, length=0, elements={
}

Java Threads: ( => current thread )

Other Threads:

[error occurred during error reporting (printing all threads), id 0xb, SIGSEGV (0xb) at pc=0x00000001089a2042]

VM state:not at safepoint (not fully initialized)

VM Mutex/Monitor currently owned by a thread: None


[error occurred during error reporting (printing compressed oops mode), id 0xb, SIGSEGV (0xb) at pc=0x0000000108434963]

Deoptimization events (0 events):
No events

Classes unloaded (0 events):
No events

Classes redefined (0 events):
No events

Internal exceptions (0 events):
No events

Events (3 events):
Event: 0.018 Protecting memory [0x000070000c43a000,0x000070000c43e000] with protection modes 0
Event: 0.024 Loaded shared library /usr/local/Cellar/openjdk/13.0.2+8_2/libexec/openjdk.jdk/Contents/Home/lib/libzip.dylib
Event: 0.029 Loaded shared library /usr/local/Cellar/openjdk/13.0.2+8_2/libexec/openjdk.jdk/Contents/Home/lib/libjimage.dylib


Dynamic libraries:
0x00007fff6962e000 	/usr/lib/libz.1.dylib
0x0000000106ffb000 	/usr/local/Cellar/openjdk/13.0.2+8_2/libexec/openjdk.jdk/Contents/Home/lib/libjli.dylib
0x00007fff2f178000 	/System/Library/Frameworks/Cocoa.framework/Versions/A/Cocoa
0x00007fff3c971000 	/System/Library/Frameworks/Security.framework/Versions/A/Security
0x00007fff2e0dd000 	/System/Library/Frameworks/ApplicationServices.framework/Versions/A/ApplicationServices
0x00007fff670f2000 	/usr/lib/libSystem.B.dylib
0x00007fff69eef000 	/usr/lib/system/libcache.dylib
0x00007fff69ef5000 	/usr/lib/system/libcommonCrypto.dylib
0x00007fff69f01000 	/usr/lib/system/libcompiler_rt.dylib
0x00007fff69f09000 	/usr/lib/system/libcopyfile.dylib
0x00007fff69f13000 	/usr/lib/system/libcorecrypto.dylib
0x00007fff6a0b2000 	/usr/lib/system/libdispatch.dylib
0x00007fff6a0f3000 	/usr/lib/system/libdyld.dylib
0x00007fff6a12a000 	/usr/lib/system/libkeymgr.dylib
0x00007fff6a138000 	/usr/lib/system/liblaunch.dylib
0x00007fff6a139000 	/usr/lib/system/libmacho.dylib
0x00007fff6a13f000 	/usr/lib/system/libquarantine.dylib
0x00007fff6a142000 	/usr/lib/system/libremovefile.dylib
0x00007fff6a144000 	/usr/lib/system/libsystem_asl.dylib
0x00007fff6a15c000 	/usr/lib/system/libsystem_blocks.dylib
0x00007fff6a15d000 	/usr/lib/system/libsystem_c.dylib
0x00007fff6a1e5000 	/usr/lib/system/libsystem_configuration.dylib
0x00007fff6a1e9000 	/usr/lib/system/libsystem_coreservices.dylib
0x00007fff6a1ed000 	/usr/lib/system/libsystem_darwin.dylib
0x00007fff6a1f6000 	/usr/lib/system/libsystem_dnssd.dylib
0x00007fff6a1fe000 	/usr/lib/system/libsystem_featureflags.dylib
0x00007fff6a200000 	/usr/lib/system/libsystem_info.dylib
0x00007fff6a27b000 	/usr/lib/system/libsystem_m.dylib
0x00007fff6a2c3000 	/usr/lib/system/libsystem_malloc.dylib
0x00007fff6a2eb000 	/usr/lib/system/libsystem_networkextension.dylib
0x00007fff6a2f9000 	/usr/lib/system/libsystem_notify.dylib
0x00007fff6a317000 	/usr/lib/system/libsystem_sandbox.dylib
0x00007fff6a31c000 	/usr/lib/system/libsystem_secinit.dylib
0x00007fff6a24e000 	/usr/lib/system/libsystem_kernel.dylib
0x00007fff6a303000 	/usr/lib/system/libsystem_platform.dylib
0x00007fff6a30c000 	/usr/lib/system/libsystem_pthread.dylib
0x00007fff6a31f000 	/usr/lib/system/libsystem_symptoms.dylib
0x00007fff6a327000 	/usr/lib/system/libsystem_trace.dylib
0x00007fff6a33f000 	/usr/lib/system/libunwind.dylib
0x00007fff6a345000 	/usr/lib/system/libxpc.dylib
0x00007fff68f52000 	/usr/lib/libobjc.A.dylib
0x00007fff6742b000 	/usr/lib/libc++abi.dylib
0x00007fff673d8000 	/usr/lib/libc++.1.dylib
0x00007fff3001a000 	/System/Library/Frameworks/CoreFoundation.framework/Versions/A/CoreFoundation
0x00007fff326d7000 	/System/Library/Frameworks/Foundation.framework/Versions/C/Foundation
0x00007fff2d2cd000 	/System/Library/Frameworks/AppKit.framework/Versions/C/AppKit
0x00007fff2fafc000 	/System/Library/Frameworks/CoreData.framework/Versions/A/CoreData
0x00007fff61107000 	/System/Library/PrivateFrameworks/UIFoundation.framework/Versions/A/UIFoundation
0x00007fff5c19b000 	/System/Library/PrivateFrameworks/RemoteViewServices.framework/Versions/A/RemoteViewServices
0x00007fff63c62000 	/System/Library/PrivateFrameworks/XCTTargetBootstrap.framework/Versions/A/XCTTargetBootstrap
0x00007fff2fee7000 	/System/Library/Frameworks/CoreDisplay.framework/Versions/A/CoreDisplay
0x00007fff35592000 	/System/Library/Frameworks/Metal.framework/Versions/A/Metal
0x00007fff4a188000 	/System/Library/PrivateFrameworks/DesktopServicesPriv.framework/Versions/A/DesktopServicesPriv
0x00007fff6822d000 	/usr/lib/liblangid.dylib
0x00007fff4941d000 	/System/Library/PrivateFrameworks/CoreSVG.framework/Versions/A/CoreSVG
0x00007fff5f2f7000 	/System/Library/PrivateFrameworks/SkyLight.framework/Versions/A/SkyLight
0x00007fff3049b000 	/System/Library/Frameworks/CoreGraphics.framework/Versions/A/CoreGraphics
0x00007fff2bca1000 	/System/Library/Frameworks/Accelerate.framework/Versions/A/Accelerate
0x00007fff6951f000 	/usr/lib/libxml2.2.dylib
0x00007fff55126000 	/System/Library/PrivateFrameworks/IconServices.framework/Versions/A/IconServices
0x00007fff32eb6000 	/System/Library/Frameworks/IOSurface.framework/Versions/A/IOSurface
0x00007fff66c1c000 	/usr/lib/libDiagnosticMessagesClient.dylib
0x00007fff49fe2000 	/System/Library/PrivateFrameworks/DFRFoundation.framework/Versions/A/DFRFoundation
0x00007fff67fbc000 	/usr/lib/libicucore.A.dylib
0x00007fff2e40f000 	/System/Library/Frameworks/AudioToolbox.framework/Versions/A/AudioToolbox
0x00007fff2e4f2000 	/System/Library/Frameworks/AudioUnit.framework/Versions/A/AudioUnit
0x00007fff672f4000 	/usr/lib/libauto.dylib
0x00007fff4a084000 	/System/Library/PrivateFrameworks/DataDetectorsCore.framework/Versions/A/DataDetectorsCore
0x00007fff2ec99000 	/System/Library/Frameworks/Carbon.framework/Versions/A/Frameworks/HIToolbox.framework/Versions/A/HIToolbox
0x00007fff3bb6b000 	/System/Library/Frameworks/QuartzCore.framework/Versions/A/QuartzCore
0x00007fff2efd8000 	/System/Library/Frameworks/Carbon.framework/Versions/A/Frameworks/SpeechRecognition.framework/Versions/A/SpeechRecognition
0x00007fff49af6000 	/System/Library/PrivateFrameworks/CoreUI.framework/Versions/A/CoreUI
0x00007fff2f567000 	/System/Library/Frameworks/CoreAudio.framework/Versions/A/CoreAudio
0x00007fff32396000 	/System/Library/Frameworks/DiskArbitration.framework/Versions/A/DiskArbitration
0x00007fff57176000 	/System/Library/PrivateFrameworks/MultitouchSupport.framework/Versions/A/MultitouchSupport
0x00007fff67e83000 	/usr/lib/libenergytrace.dylib
0x00007fff32e10000 	/System/Library/Frameworks/IOKit.framework/Versions/A/IOKit
0x00007fff31402000 	/System/Library/Frameworks/CoreServices.framework/Versions/A/CoreServices
0x00007fff5932e000 	/System/Library/PrivateFrameworks/PerformanceAnalysis.framework/Versions/A/PerformanceAnalysis
0x00007fff3ab9e000 	/System/Library/Frameworks/OpenGL.framework/Versions/A/OpenGL
0x00007fff2f186000 	/System/Library/Frameworks/ColorSync.framework/Versions/A/ColorSync
0x00007fff30b1e000 	/System/Library/Frameworks/CoreImage.framework/Versions/A/CoreImage
0x00007fff31e75000 	/System/Library/Frameworks/CoreText.framework/Versions/A/CoreText
0x00007fff32f46000 	/System/Library/Frameworks/ImageIO.framework/Versions/A/ImageIO
0x00007fff67454000 	/usr/lib/libcompression.dylib
0x00007fff66f60000 	/usr/lib/libMobileGestalt.dylib
0x00007fff60e71000 	/System/Library/PrivateFrameworks/TextureIO.framework/Versions/A/TextureIO
0x00007fff67257000 	/usr/lib/libate.dylib
0x00007fff5532f000 	/System/Library/PrivateFrameworks/InternationalSupport.framework/Versions/A/InternationalSupport
0x00007fff6822f000 	/usr/lib/liblzma.5.dylib
0x00007fff67eaa000 	/usr/lib/libfakelink.dylib
0x00007fff671e4000 	/usr/lib/libarchive.2.dylib
0x00007fff3da22000 	/System/Library/Frameworks/SystemConfiguration.framework/Versions/A/SystemConfiguration
0x00007fff66b4f000 	/usr/lib/libCRFSuite.dylib
0x00007fff2e889000 	/System/Library/Frameworks/CFNetwork.framework/Versions/A/CFNetwork
0x00007fff673ba000 	/usr/lib/libbsm.0.dylib
0x00007fff6a12b000 	/usr/lib/system/libkxld.dylib
0x00007fff4395f000 	/System/Library/PrivateFrameworks/AppleFSCompression.framework/Versions/A/AppleFSCompression
0x00007fff67745000 	/usr/lib/libcoretls.dylib
0x00007fff6775c000 	/usr/lib/libcoretls_cfhelpers.dylib
0x00007fff68f98000 	/usr/lib/libpam.2.dylib
0x00007fff690cd000 	/usr/lib/libsqlite3.dylib
0x00007fff6950c000 	/usr/lib/libxar.1.dylib
0x00007fff673cb000 	/usr/lib/libbz2.1.0.dylib
0x00007fff67ecb000 	/usr/lib/libiconv.2.dylib
0x00007fff67441000 	/usr/lib/libcharset.1.dylib
0x00007fff68a35000 	/usr/lib/libnetwork.dylib
0x00007fff68f9f000 	/usr/lib/libpcap.A.dylib
0x00007fff67199000 	/usr/lib/libapple_nghttp2.dylib
0x00007fff317b9000 	/System/Library/Frameworks/CoreServices.framework/Versions/A/Frameworks/FSEvents.framework/Versions/A/FSEvents
0x00007fff31489000 	/System/Library/Frameworks/CoreServices.framework/Versions/A/Frameworks/CarbonCore.framework/Versions/A/CarbonCore
0x00007fff319fd000 	/System/Library/Frameworks/CoreServices.framework/Versions/A/Frameworks/Metadata.framework/Versions/A/Metadata
0x00007fff31a96000 	/System/Library/Frameworks/CoreServices.framework/Versions/A/Frameworks/OSServices.framework/Versions/A/OSServices
0x00007fff31ac4000 	/System/Library/Frameworks/CoreServices.framework/Versions/A/Frameworks/SearchKit.framework/Versions/A/SearchKit
0x00007fff31403000 	/System/Library/Frameworks/CoreServices.framework/Versions/A/Frameworks/AE.framework/Versions/A/AE
0x00007fff317c2000 	/System/Library/Frameworks/CoreServices.framework/Versions/A/Frameworks/LaunchServices.framework/Versions/A/LaunchServices
0x00007fff3176b000 	/System/Library/Frameworks/CoreServices.framework/Versions/A/Frameworks/DictionaryServices.framework/Versions/A/DictionaryServices
0x00007fff31b2c000 	/System/Library/Frameworks/CoreServices.framework/Versions/A/Frameworks/SharedFileList.framework/Versions/A/SharedFileList
0x00007fff369bd000 	/System/Library/Frameworks/NetFS.framework/Versions/A/NetFS
0x00007fff576a6000 	/System/Library/PrivateFrameworks/NetAuth.framework/Versions/A/NetAuth
0x00007fff6402f000 	/System/Library/PrivateFrameworks/login.framework/Versions/A/Frameworks/loginsupport.framework/Versions/A/loginsupport
0x00007fff6093c000 	/System/Library/PrivateFrameworks/TCC.framework/Versions/A/TCC
0x00007fff48590000 	/System/Library/PrivateFrameworks/CoreNLP.framework/Versions/A/CoreNLP
0x00007fff56ba3000 	/System/Library/PrivateFrameworks/MetadataUtilities.framework/Versions/A/MetadataUtilities
0x00007fff68307000 	/usr/lib/libmecabra.dylib
0x00007fff6825f000 	/usr/lib/libmecab.dylib
0x00007fff67ebb000 	/usr/lib/libgermantok.dylib
0x00007fff67180000 	/usr/lib/libThaiTokenizer.dylib
0x00007fff66b86000 	/usr/lib/libChineseTokenizer.dylib
0x00007fff2bcb9000 	/System/Library/Frameworks/Accelerate.framework/Versions/A/Frameworks/vImage.framework/Versions/A/vImage
0x00007fff2d123000 	/System/Library/Frameworks/Accelerate.framework/Versions/A/Frameworks/vecLib.framework/Versions/A/vecLib
0x00007fff2d060000 	/System/Library/Frameworks/Accelerate.framework/Versions/A/Frameworks/vecLib.framework/Versions/A/libvMisc.dylib
0x00007fff2ce88000 	/System/Library/Frameworks/Accelerate.framework/Versions/A/Frameworks/vecLib.framework/Versions/A/libvDSP.dylib
0x00007fff2c310000 	/System/Library/Frameworks/Accelerate.framework/Versions/A/Frameworks/vecLib.framework/Versions/A/libBLAS.dylib
0x00007fff2ca4c000 	/System/Library/Frameworks/Accelerate.framework/Versions/A/Frameworks/vecLib.framework/Versions/A/libLAPACK.dylib
0x00007fff2cde8000 	/System/Library/Frameworks/Accelerate.framework/Versions/A/Frameworks/vecLib.framework/Versions/A/libLinearAlgebra.dylib
0x00007fff2ce75000 	/System/Library/Frameworks/Accelerate.framework/Versions/A/Frameworks/vecLib.framework/Versions/A/libSparseBLAS.dylib
0x00007fff2cdfe000 	/System/Library/Frameworks/Accelerate.framework/Versions/A/Frameworks/vecLib.framework/Versions/A/libQuadrature.dylib
0x00007fff2c578000 	/System/Library/Frameworks/Accelerate.framework/Versions/A/Frameworks/vecLib.framework/Versions/A/libBNNS.dylib
0x00007fff2ce04000 	/System/Library/Frameworks/Accelerate.framework/Versions/A/Frameworks/vecLib.framework/Versions/A/libSparse.dylib
0x00007fff55717000 	/System/Library/PrivateFrameworks/LanguageModeling.framework/Versions/A/LanguageModeling
0x00007fff47f40000 	/System/Library/PrivateFrameworks/CoreEmoji.framework/Versions/A/CoreEmoji
0x00007fff55835000 	/System/Library/PrivateFrameworks/LinguisticData.framework/Versions/A/LinguisticData
0x00007fff557e6000 	/System/Library/PrivateFrameworks/Lexicon.framework/Versions/A/Lexicon
0x00007fff67442000 	/usr/lib/libcmph.dylib
0x00007fff395ac000 	/System/Library/Frameworks/OpenDirectory.framework/Versions/A/Frameworks/CFOpenDirectory.framework/Versions/A/CFOpenDirectory
0x00007fff395c9000 	/System/Library/Frameworks/OpenDirectory.framework/Versions/A/OpenDirectory
0x00007fff41a0c000 	/System/Library/PrivateFrameworks/APFS.framework/Versions/A/APFS
0x00007fff3ccbb000 	/System/Library/Frameworks/SecurityFoundation.framework/Versions/A/SecurityFoundation
0x00007fff69508000 	/usr/lib/libutil.dylib
0x00007fff49475000 	/System/Library/PrivateFrameworks/CoreServicesStore.framework/Versions/A/CoreServicesStore
0x00007fff3cd72000 	/System/Library/Frameworks/ServiceManagement.framework/Versions/A/ServiceManagement
0x00007fff4512f000 	/System/Library/PrivateFrameworks/BackgroundTaskManagement.framework/Versions/A/BackgroundTaskManagement
0x00007fff69605000 	/usr/lib/libxslt.1.dylib
0x00007fff43fd2000 	/System/Library/PrivateFrameworks/AppleSystemInfo.framework/Versions/A/AppleSystemInfo
0x00007fff33161000 	/System/Library/Frameworks/ImageIO.framework/Versions/A/Resources/libJPEG.dylib
0x00007fff33420000 	/System/Library/Frameworks/ImageIO.framework/Versions/A/Resources/libTIFF.dylib
0x00007fff33403000 	/System/Library/Frameworks/ImageIO.framework/Versions/A/Resources/libPng.dylib
0x00007fff330a3000 	/System/Library/Frameworks/ImageIO.framework/Versions/A/Resources/libGIF.dylib
0x00007fff330a7000 	/System/Library/Frameworks/ImageIO.framework/Versions/A/Resources/libJP2.dylib
0x00007fff3341e000 	/System/Library/Frameworks/ImageIO.framework/Versions/A/Resources/libRadiance.dylib
0x00007fff67e84000 	/usr/lib/libexpat.1.dylib
0x00007fff43aba000 	/System/Library/PrivateFrameworks/AppleJPEG.framework/Versions/A/AppleJPEG
0x00007fff4c78b000 	/System/Library/PrivateFrameworks/FontServices.framework/libFontParser.dylib
0x00007fff63031000 	/System/Library/PrivateFrameworks/WatchdogClient.framework/Versions/A/WatchdogClient
0x00007fff54d72000 	/System/Library/PrivateFrameworks/IOAccelerator.framework/Versions/A/IOAccelerator
0x00007fff3592d000 	/System/Library/Frameworks/MetalPerformanceShaders.framework/Versions/A/MetalPerformanceShaders
0x00007fff51508000 	/System/Library/PrivateFrameworks/GPUWrangler.framework/Versions/A/GPUWrangler
0x00007fff54d87000 	/System/Library/PrivateFrameworks/IOPresentment.framework/Versions/A/IOPresentment
0x00007fff49ff5000 	/System/Library/PrivateFrameworks/DSExternalDisplay.framework/Versions/A/DSExternalDisplay
0x00007fff39f3d000 	/System/Library/Frameworks/OpenGL.framework/Versions/A/Libraries/libCoreFSCache.dylib
0x00007fff35679000 	/System/Library/Frameworks/MetalPerformanceShaders.framework/Frameworks/MPSCore.framework/Versions/A/MPSCore
0x00007fff356b7000 	/System/Library/Frameworks/MetalPerformanceShaders.framework/Frameworks/MPSImage.framework/Versions/A/MPSImage
0x00007fff3577e000 	/System/Library/Frameworks/MetalPerformanceShaders.framework/Frameworks/MPSNeuralNetwork.framework/Versions/A/MPSNeuralNetwork
0x00007fff35742000 	/System/Library/Frameworks/MetalPerformanceShaders.framework/Frameworks/MPSMatrix.framework/Versions/A/MPSMatrix
0x00007fff358dd000 	/System/Library/Frameworks/MetalPerformanceShaders.framework/Frameworks/MPSRayIntersector.framework/Versions/A/MPSRayIntersector
0x00007fff35768000 	/System/Library/Frameworks/MetalPerformanceShaders.framework/Frameworks/MPSNDArray.framework/Versions/A/MPSNDArray
0x00007fff56bf0000 	/System/Library/PrivateFrameworks/MetalTools.framework/Versions/A/MetalTools
0x00007fff42be6000 	/System/Library/PrivateFrameworks/AggregateDictionary.framework/Versions/A/AggregateDictionary
0x00007fff47988000 	/System/Library/PrivateFrameworks/CoreAnalytics.framework/Versions/A/CoreAnalytics
0x00007fff43ef1000 	/System/Library/PrivateFrameworks/AppleSauce.framework/Versions/A/AppleSauce
0x00007fff66e42000 	/usr/lib/libIOReport.dylib
0x00007fff3202d000 	/System/Library/Frameworks/CoreVideo.framework/Versions/A/CoreVideo
0x00007fff52981000 	/System/Library/PrivateFrameworks/GraphVisualizer.framework/Versions/A/GraphVisualizer
0x00007fff4bcd1000 	/System/Library/PrivateFrameworks/FaceCore.framework/Versions/A/FaceCore
0x00007fff39553000 	/System/Library/Frameworks/OpenCL.framework/Versions/A/OpenCL
0x00007fff66c64000 	/usr/lib/libFosl_dynamic.dylib
0x00007fff580c6000 	/System/Library/PrivateFrameworks/OTSVG.framework/Versions/A/OTSVG
0x00007fff2e1e2000 	/System/Library/Frameworks/ApplicationServices.framework/Versions/A/Frameworks/ATS.framework/Versions/A/Resources/libFontRegistry.dylib
0x00007fff4c95c000 	/System/Library/PrivateFrameworks/FontServices.framework/libhvf.dylib
0x00007fff39f48000 	/System/Library/Frameworks/OpenGL.framework/Versions/A/Libraries/libGFXShared.dylib
0x00007fff3a126000 	/System/Library/Frameworks/OpenGL.framework/Versions/A/Libraries/libGLU.dylib
0x00007fff39f51000 	/System/Library/Frameworks/OpenGL.framework/Versions/A/Libraries/libGL.dylib
0x00007fff39f5c000 	/System/Library/Frameworks/OpenGL.framework/Versions/A/Libraries/libGLImage.dylib
0x00007fff39f3a000 	/System/Library/Frameworks/OpenGL.framework/Versions/A/Libraries/libCVMSPluginSupport.dylib
0x00007fff39f43000 	/System/Library/Frameworks/OpenGL.framework/Versions/A/Libraries/libCoreVMClient.dylib
0x00007fff688d6000 	/usr/lib/libncurses.5.4.dylib
0x00007fff2e0de000 	/System/Library/Frameworks/ApplicationServices.framework/Versions/A/Frameworks/ATS.framework/Versions/A/ATS
0x00007fff2e2ab000 	/System/Library/Frameworks/ApplicationServices.framework/Versions/A/Frameworks/ColorSyncLegacy.framework/Versions/A/ColorSyncLegacy
0x00007fff2e349000 	/System/Library/Frameworks/ApplicationServices.framework/Versions/A/Frameworks/HIServices.framework/Versions/A/HIServices
0x00007fff2e3a1000 	/System/Library/Frameworks/ApplicationServices.framework/Versions/A/Frameworks/LangAnalysis.framework/Versions/A/LangAnalysis
0x00007fff2e3b0000 	/System/Library/Frameworks/ApplicationServices.framework/Versions/A/Frameworks/PrintCore.framework/Versions/A/PrintCore
0x00007fff2e3f6000 	/System/Library/Frameworks/ApplicationServices.framework/Versions/A/Frameworks/QD.framework/Versions/A/QD
0x00007fff2e401000 	/System/Library/Frameworks/ApplicationServices.framework/Versions/A/Frameworks/SpeechSynthesis.framework/Versions/A/SpeechSynthesis
0x00007fff2e27b000 	/System/Library/Frameworks/ApplicationServices.framework/Versions/A/Frameworks/ATSUI.framework/Versions/A/ATSUI
0x00007fff67d1a000 	/usr/lib/libcups.2.dylib
0x00007fff349c8000 	/System/Library/Frameworks/Kerberos.framework/Versions/A/Kerberos
0x00007fff32b09000 	/System/Library/Frameworks/GSS.framework/Versions/A/GSS
0x00007fff69059000 	/usr/lib/libresolv.9.dylib
0x00007fff52b2e000 	/System/Library/PrivateFrameworks/Heimdal.framework/Versions/A/Heimdal
0x00007fff349db000 	/System/Library/Frameworks/Kerberos.framework/Versions/A/Libraries/libHeimdalProxy.dylib
0x00007fff67ec1000 	/usr/lib/libheimdal-asn1.dylib
0x00007fff46e20000 	/System/Library/PrivateFrameworks/CommonAuth.framework/Versions/A/CommonAuth
0x00007fff4406f000 	/System/Library/PrivateFrameworks/AssertionServices.framework/Versions/A/AssertionServices
0x00007fff44c12000 	/System/Library/PrivateFrameworks/AudioToolboxCore.framework/Versions/A/AudioToolboxCore
0x00007fff63cdf000 	/System/Library/PrivateFrameworks/caulk.framework/Versions/A/caulk
0x00007fff451db000 	/System/Library/PrivateFrameworks/BaseBoard.framework/Versions/A/BaseBoard
0x00007fff5c329000 	/System/Library/PrivateFrameworks/RunningBoardServices.framework/Versions/A/RunningBoardServices
0x00007fff5933a000 	/System/Library/PrivateFrameworks/PersistentConnection.framework/Versions/A/PersistentConnection
0x00007fff5bd22000 	/System/Library/PrivateFrameworks/ProtocolBuffer.framework/Versions/A/ProtocolBuffer
0x00007fff46e44000 	/System/Library/PrivateFrameworks/CommonUtilities.framework/Versions/A/CommonUtilities
0x00007fff45369000 	/System/Library/PrivateFrameworks/Bom.framework/Versions/A/Bom
0x00007fff66b15000 	/usr/lib/libAudioToolboxUtility.dylib
0x00007fff45139000 	/System/Library/PrivateFrameworks/Backup.framework/Versions/A/Backup
0x00007fff49f16000 	/System/Library/PrivateFrameworks/CrashReporterSupport.framework/Versions/A/CrashReporterSupport
0x00007fff5ddbb000 	/System/Library/PrivateFrameworks/Sharing.framework/Versions/A/Sharing
0x00007fff4367d000 	/System/Library/PrivateFrameworks/Apple80211.framework/Versions/A/Apple80211
0x00007fff44e56000 	/System/Library/PrivateFrameworks/AuthKit.framework/Versions/A/AuthKit
0x00007fff49c23000 	/System/Library/PrivateFrameworks/CoreUtils.framework/Versions/A/CoreUtils
0x00007fff32072000 	/System/Library/Frameworks/CoreWLAN.framework/Versions/A/CoreWLAN
0x00007fff32c96000 	/System/Library/Frameworks/IOBluetooth.framework/Versions/A/IOBluetooth
0x00007fff56ef5000 	/System/Library/PrivateFrameworks/MobileKeyBag.framework/Versions/A/MobileKeyBag
0x00007fff48a28000 	/System/Library/PrivateFrameworks/CorePhoneNumbers.framework/Versions/A/CorePhoneNumbers
0x00007fff43a6d000 	/System/Library/PrivateFrameworks/AppleIDAuthSupport.framework/Versions/A/AppleIDAuthSupport
0x00007fff369ca000 	/System/Library/Frameworks/Network.framework/Versions/A/Network
0x00007fff555c3000 	/System/Library/PrivateFrameworks/KeychainCircle.framework/Versions/A/KeychainCircle
0x00007fff2fac3000 	/System/Library/Frameworks/CoreBluetooth.framework/Versions/A/CoreBluetooth
0x00007fff5fe3a000 	/System/Library/PrivateFrameworks/SpeechRecognitionCore.framework/Versions/A/SpeechRecognitionCore
0x00007fff2309a000 	/System/Library/CoreServices/Encodings/libCyrillicConverter.dylib
0x0000000108200000 	/usr/local/Cellar/openjdk/13.0.2+8_2/libexec/openjdk.jdk/Contents/Home/lib/server/libjvm.dylib
0x0000000107022000 	/usr/local/Cellar/openjdk/13.0.2+8_2/libexec/openjdk.jdk/Contents/Home/lib/libverify.dylib
0x000000010702f000 	/usr/local/Cellar/openjdk/13.0.2+8_2/libexec/openjdk.jdk/Contents/Home/lib/libjava.dylib
0x00000001070a0000 	/usr/local/Cellar/openjdk/13.0.2+8_2/libexec/openjdk.jdk/Contents/Home/lib/libzip.dylib
0x00000001070a9000 	/usr/local/Cellar/openjdk/13.0.2+8_2/libexec/openjdk.jdk/Contents/Home/lib/libjimage.dylib


VM Arguments:
jvm_args: -Xmx64m -Xms64m -Dorg.gradle.appname=gradle 
java_command: org.gradle.launcher.GradleMain
java_class_path (initial): /usr/local/Cellar/gradle/6.2/libexec/lib/gradle-launcher-6.2.jar
Launcher Type: SUN_STANDARD

[Global flags]
     uint G1ConcRefinementThreads                  = 8                                         {product} {ergonomic}
    uintx GCDrainStackTargetSize                   = 64                                        {product} {ergonomic}
   size_t InitialHeapSize                          = 67108864                                  {product} {command line}
   size_t MaxHeapSize                              = 67108864                                  {product} {command line}
   size_t MinHeapSize                              = 67108864                                  {product} {command line}
    uintx ReservedCodeCacheSize                    = 251658240                              {pd product} {ergonomic}
     bool SegmentedCodeCache                       = true                                      {product} {ergonomic}
     bool UseCompressedClassPointers               = true                                 {lp64_product} {ergonomic}
     bool UseCompressedOops                        = true                                 {lp64_product} {ergonomic}
     bool UseG1GC                                  = true                                      {product} {ergonomic}

Logging:
Log output configuration:
 #0: stdout all=warning uptime,level,tags
 #1: stderr all=off uptime,level,tags

Environment Variables:
JAVA_HOME=/usr/local/opt/openjdk
PATH=/Users/ukhatov/.poetry/bin:/usr/local/sbin:/usr/local/bin:/usr/bin:/bin:/usr/sbin:/sbin:/anaconda3/bin:/anaconda3/bin:/usr/local/bin:/usr/bin:/bin:/usr/sbin:/sbin:/anaconda3/bin
SHELL=/bin/zsh

Signal Handlers:
SIGSEGV: [libjvm.dylib+0x7f0282], sa_mask[0]=11111111011111110111111111111111, sa_flags=SA_ONSTACK|SA_RESTART|SA_SIGINFO
SIGBUS: [libjvm.dylib+0x7f0282], sa_mask[0]=11111111011111110111111111111111, sa_flags=SA_RESTART|SA_SIGINFO
SIGFPE: [libjvm.dylib+0x7f0282], sa_mask[0]=11111111011111110111111111111111, sa_flags=SA_RESTART|SA_SIGINFO
SIGPIPE: [libjvm.dylib+0x6357e1], sa_mask[0]=11111111011111110111111111111111, sa_flags=SA_RESTART|SA_SIGINFO
SIGXFSZ: [libjvm.dylib+0x6357e1], sa_mask[0]=11111111011111110111111111111111, sa_flags=SA_RESTART|SA_SIGINFO
SIGILL: [libjvm.dylib+0x7f0282], sa_mask[0]=11111111011111110111111111111111, sa_flags=SA_RESTART|SA_SIGINFO
SIGUSR2: [libjvm.dylib+0x635db6], sa_mask[0]=00000000000000000000000000000000, sa_flags=SA_RESTART|SA_SIGINFO
SIGHUP: SIG_DFL, sa_mask[0]=00000000000000000000000000000000, sa_flags=none
SIGINT: SIG_DFL, sa_mask[0]=00000000000000000000000000000000, sa_flags=none
SIGTERM: SIG_DFL, sa_mask[0]=00000000000000000000000000000000, sa_flags=SA_RESTART
SIGQUIT: SIG_DFL, sa_mask[0]=00000000000000000000000000000000, sa_flags=none


---------------  S Y S T E M  ---------------

OS:uname:Darwin 19.6.0 Darwin Kernel Version 19.6.0: Mon Aug 31 22:12:52 PDT 2020; root:xnu-6153.141.2~1/RELEASE_X86_64 x86_64
rlimit: STACK 8192k, CORE 0k, NPROC 2784, NOFILE 10240, AS infinity, DATA infinity, FSIZE infinity
load average:3.59 2.72 2.96

CPU:total 8 (initial active 8) 

Memory: 4k page, physical 16777216k(251160k free), swap 4194304k(413952k free)

vm_info: OpenJDK 64-Bit Server VM (13.0.2+8) for bsd-amd64 JRE (13.0.2+8), built on Feb  6 2020 02:07:52 by "brew" with clang 4.2.1 Compatible Apple LLVM 11.0.0 (clang-1100.0.33.17)

END.
